<?xml version="1.0" encoding="UTF-8"?>
<!-- Generated by org.testng.reporters.JUnitXMLReporter -->
<testsuite hostname="DESKTOP-4TKG998" ignored="0" name="Nopackage" tests="4" failures="0" timestamp="2019-12-28T11:35:31 CST" time="0.22" errors="0">
  <testcase name="test1" time="0.039" classname="test.TestngAnnotations"/>
  <testcase name="test2" time="0.002" classname="test.TestngAnnotations"/>
  <testcase name="test3" time="0.003" classname="test.TestngAnnotations"/>
  <testcase name="test1" time="0.002" classname="test.TestngXml"/>
</testsuite> <!-- Nopackage -->
