<?xml version="1.0" encoding="UTF-8"?>
<!-- Generated by org.testng.reporters.JUnitXMLReporter -->
<testsuite hostname="DESKTOP-4TKG998" ignored="0" name="ParallelTest" tests="3" failures="0" timestamp="2019-12-29T10:33:21 CST" time="0.199" errors="0">
  <testcase name="test2" time="0.042" classname="paralleltest.RunMethods"/>
  <testcase name="test3" time="0.043" classname="paralleltest.RunMethods"/>
  <testcase name="test1" time="0.042" classname="paralleltest.RunMethods"/>
</testsuite> <!-- ParallelTest -->
