<?xml version="1.0" encoding="UTF-8"?>
<!-- Generated by org.testng.reporters.JUnitXMLReporter -->
<testsuite hostname="DESKTOP-4TKG998" ignored="0" name="Test" tests="6" failures="0" timestamp="2019-12-28T13:32:14 CST" time="0.04" errors="0">
  <testcase name="test1" time="0.002" classname="test.TestngXml"/>
  <testcase name="test2" time="0.002" classname="test.TestngXml"/>
  <testcase name="test3" time="0.002" classname="test.TestngXml"/>
  <testcase name="test4" time="0.002" classname="test.TestngXml"/>
  <testcase name="myFirstTest" time="0.001" classname="test.TestngTest"/>
  <testcase name="mySecondTest" time="0.001" classname="test.TestngTest"/>
</testsuite> <!-- Test -->
