<?xml version="1.0" encoding="UTF-8"?>
<!-- Generated by org.testng.reporters.JUnitXMLReporter -->
<testsuite hostname="DESKTOP-4TKG998" ignored="0" name="TestEcommerce" tests="6" failures="0" timestamp="2019-12-29T10:37:18 CST" time="37.829" errors="0">
  <testcase name="verfiryTitle" time="0.034" classname="ecommerce.SmokeTest"/>
  <testcase name="verfiryTitle" time="0.016" classname="ecommerce.RegressionTest"/>
  <testcase name="verifyLogo" time="0.066" classname="ecommerce.SmokeTest"/>
  <testcase name="verifyLogo" time="0.062" classname="ecommerce.RegressionTest"/>
  <testcase name="userLogin" time="6.609" classname="ecommerce.SmokeTest"/>
  <testcase name="userLogin" time="6.173" classname="ecommerce.RegressionTest"/>
</testsuite> <!-- TestEcommerce -->
