<?xml version="1.0" encoding="UTF-8"?>
<!-- Generated by org.testng.reporters.JUnitXMLReporter -->
<testsuite hostname="DESKTOP-4TKG998" ignored="0" name="Default test" tests="4" failures="0" timestamp="2020-01-07T18:47:14 CST" time="0.068" errors="0">
  <testcase name="userLoginTest" time="0.009" classname="parameterization.TestNGDataProvider"/>
  <testcase name="userLoginTest" time="0.0" classname="parameterization.TestNGDataProvider"/>
  <testcase name="userLoginTest" time="0.001" classname="parameterization.TestNGDataProvider"/>
  <testcase name="userLoginTest" time="0.001" classname="parameterization.TestNGDataProvider"/>
</testsuite> <!-- Default test -->
