<?xml version="1.0" encoding="UTF-8"?>
<!-- Generated by org.testng.reporters.JUnitXMLReporter -->
<testsuite hostname="DESKTOP-4TKG998" ignored="0" name="Test" tests="14" failures="0" timestamp="2019-12-28T13:42:34 CST" time="45.966" errors="0">
  <testcase name="adminLoginTest" time="0.002" classname="logintest.AdminLogin"/>
  <testcase name="tileVerification" time="0.01" classname="test.MercuryTest"/>
  <testcase name="verifyLogin" time="7.212" classname="test.MercuryTest"/>
  <testcase name="verifySearchFlight" time="8.126" classname="test.MercuryTest"/>
  <testcase name="userLoginTest" time="0.004" classname="logintest.UserLogin"/>
  <testcase name="test1" time="0.003" classname="test.TestngAnnotations"/>
  <testcase name="test2" time="0.002" classname="test.TestngAnnotations"/>
  <testcase name="test3" time="0.003" classname="test.TestngAnnotations"/>
  <testcase name="myFirstTest" time="0.003" classname="test.TestngTest"/>
  <testcase name="mySecondTest" time="0.003" classname="test.TestngTest"/>
  <testcase name="test1" time="0.002" classname="test.TestngXml"/>
  <testcase name="test2" time="0.002" classname="test.TestngXml"/>
  <testcase name="test3" time="0.001" classname="test.TestngXml"/>
  <testcase name="test4" time="0.002" classname="test.TestngXml"/>
</testsuite> <!-- Test -->
