<?xml version="1.0" encoding="UTF-8"?>
<!-- Generated by org.testng.reporters.JUnitXMLReporter -->
<testsuite hostname="DESKTOP-4TKG998" ignored="0" name="Test" tests="6" failures="0" timestamp="2019-12-28T22:26:12 CST" time="62.926" errors="0">
  <testcase name="verfiryTitle" time="0.037" classname="ecommerce.RegressionTest"/>
  <testcase name="verifyLogo" time="0.054" classname="ecommerce.RegressionTest"/>
  <testcase name="userLogin" time="6.547" classname="ecommerce.RegressionTest"/>
  <testcase name="verfiryTitle" time="0.004" classname="ecommerce.SmokeTest"/>
  <testcase name="verifyLogo" time="0.034" classname="ecommerce.SmokeTest"/>
  <testcase name="userLogin" time="6.382" classname="ecommerce.SmokeTest"/>
</testsuite> <!-- Test -->
