<?xml version="1.0" encoding="UTF-8"?>
<!-- Generated by org.testng.reporters.JUnitXMLReporter -->
<testsuite hostname="DESKTOP-4TKG998" ignored="4" name="Test1" tests="1" failures="0" timestamp="2019-12-28T14:07:15 CST" time="0.144" errors="0">
  <testcase name="sprint5" time="0.048" classname="attributes.FlightSearch"/>
  <testcase name="sprint2" time="0.0" classname="attributes.FlightSearch">
    <ignored/>
  </testcase> <!-- sprint2 -->
  <testcase name="sprint1" time="0.0" classname="attributes.FlightSearch">
    <ignored/>
  </testcase> <!-- sprint1 -->
  <testcase name="sprint4" time="0.0" classname="attributes.FlightSearch">
    <ignored/>
  </testcase> <!-- sprint4 -->
  <testcase name="sprint3" time="0.0" classname="attributes.FlightSearch">
    <ignored/>
  </testcase> <!-- sprint3 -->
</testsuite> <!-- Test1 -->
