<?xml version="1.0" encoding="UTF-8"?>
<!-- Generated by org.testng.reporters.JUnitXMLReporter -->
<testsuite hostname="DESKTOP-4TKG998" ignored="0" name="TestnopCommerce" tests="6" failures="0" timestamp="2019-12-28T22:34:09 CST" time="63.302" errors="0">
  <testcase name="verfiryTitle" time="0.037" classname="ecommerce.RegressionTest"/>
  <testcase name="verifyLogo" time="0.059" classname="ecommerce.RegressionTest"/>
  <testcase name="userLogin" time="6.616" classname="ecommerce.RegressionTest"/>
  <testcase name="verfiryTitle" time="0.005" classname="ecommerce.SmokeTest"/>
  <testcase name="verifyLogo" time="0.038" classname="ecommerce.SmokeTest"/>
  <testcase name="userLogin" time="6.461" classname="ecommerce.SmokeTest"/>
</testsuite> <!-- TestnopCommerce -->
